DEBUG:commons:version: 6.2.4 *
DEBUG:typing:version: 6.2.3
DEBUG:duckietown_world:duckietown-world version 6.4.3 path /data/class/cs175/nguyeh3/.conda/envs/duckietown/lib/python3.8/site-packages
DEBUG:geometry:PyGeometry-z6 version 2.1.5 path /data/class/cs175/nguyeh3/.conda/envs/duckietown/lib/python3.8/site-packages
DEBUG:aido_schemas:aido-protocols version 6.1.1 path /data/class/cs175/nguyeh3/.conda/envs/duckietown/lib/python3.8/site-packages
DEBUG:nodes:version 6.2.17 path /data/class/cs175/nguyeh3/.conda/envs/duckietown/lib/python3.8/site-packages pyparsing 3.1.4
DEBUG:gym-duckietown:gym-duckietown version 6.1.34 path /data/class/cs175/nguyeh3/.conda/envs/duckietown/lib/python3.8/site-packages

2025-02-21 02:09:17.898145: I tensorflow/core/platform/cpu_feature_guard.cc:182] This TensorFlow binary is optimized to use available CPU instructions in performance-critical operations.
To enable the following instructions: AVX2 AVX512F FMA, in other operations, rebuild TensorFlow with the appropriate compiler flags.
INFO:gym-duckietown:Information about the graphics card:
 pyglet_version: 1.5.27
    information: dict[4]
                 â”‚ vendor: Mesa
                 â”‚ renderer: llvmpipe (LLVM 17.0.6, 256 bits)
                 â”‚ version: 4.5 (Compatibility Profile) Mesa 23.1.4
                 â”‚ shading-language-version: 4.50
  nvidia_around: False
INFO:duckietown_world: data: /data/class/cs175/nguyeh3/.conda/envs/duckietown/lib/python3.8/site-packages/duckietown_world/data
DEBUG:gym-duckietown:loading map file "/data/class/cs175/nguyeh3/.conda/envs/duckietown/lib/python3.8/site-packages/duckietown_world/data/gd1/maps/loop_empty.yaml"
INFO:gym-duckietown:done
DEBUG:gym-duckietown:loading mesh 'duckiebot' from file_path '/data/class/cs175/nguyeh3/.conda/envs/duckietown/lib/python3.8/site-packages/duckietown_world/data/gd1/meshes/duckiebot/duckiebot.obj'
DEBUG:gym-duckietown:loading materials from /data/class/cs175/nguyeh3/.conda/envs/duckietown/lib/python3.8/site-packages/duckietown_world/data/gd1/meshes/duckiebot/duckiebot.mtl
DEBUG:gym-duckietown:loading texture: /data/class/cs175/nguyeh3/.conda/envs/duckietown/lib/python3.8/site-packages/duckietown_world/data/gd1/meshes/duckiebot/circlegrid-square.jpg
DEBUG:gym-duckietown:loading texture: /data/class/cs175/nguyeh3/.conda/envs/duckietown/lib/python3.8/site-packages/duckietown_world/data/gd1/meshes/duckiebot/duckie.png
DEBUG:gym-duckietown:loading mesh 'duckie' from file_path '/data/class/cs175/nguyeh3/.conda/envs/duckietown/lib/python3.8/site-packages/duckietown_world/data/gd1/meshes/duckie/duckie.obj'
DEBUG:gym-duckietown:loading mesh 'cone' from file_path '/data/class/cs175/nguyeh3/.conda/envs/duckietown/lib/python3.8/site-packages/duckietown_world/data/gd1/meshes/cone/cone.obj'
DEBUG:gym-duckietown:loading texture: /data/class/cs175/nguyeh3/.conda/envs/duckietown/lib/python3.8/site-packages/duckietown_world/data/gd1/meshes/cone/cone.png
DEBUG:gym-duckietown:loading texture: /data/class/cs175/nguyeh3/.conda/envs/duckietown/lib/python3.8/site-packages/duckietown_world/data/gd1/textures/tiles-processed/photos/floor/texture.jpg
DEBUG:gym-duckietown:loading texture: /data/class/cs175/nguyeh3/.conda/envs/duckietown/lib/python3.8/site-packages/duckietown_world/data/gd1/textures/tiles-processed/photos/curve_left/texture.jpg
DEBUG:gym-duckietown:loading texture: /data/class/cs175/nguyeh3/.conda/envs/duckietown/lib/python3.8/site-packages/duckietown_world/data/gd1/textures/tiles-processed/photos/straight/texture.jpg
DEBUG:gym-duckietown:loading texture: /data/class/cs175/nguyeh3/.conda/envs/duckietown/lib/python3.8/site-packages/duckietown_world/data/gd1/textures/tiles-processed/photos/curve_right/texture.jpg
INFO:gym-duckietown:Starting at [1.14673521 0.         0.84832404] 2.729826706801613
INFO:gym-duckietown:using DuckietownEnv
/data/class/cs175/nguyeh3/.conda/envs/duckietown/lib/python3.8/site-packages/gym/spaces/box.py:127: UserWarning: [33mWARN: Box bound precision lowered by casting to float32[0m
  logger.warn(f"Box bound precision lowered by casting to {self.dtype}")
{'audio': ('xaudio2', 'directsound', 'openal', 'pulse', 'silent'), 'debug_font': False, 'debug_gl': True, 'debug_gl_trace': False, 'debug_gl_trace_args': False, 'debug_graphics_batch': False, 'debug_lib': False, 'debug_media': False, 'debug_texture': False, 'debug_trace': False, 'debug_trace_args': False, 'debug_trace_depth': 1, 'debug_trace_flush': True, 'debug_win32': False, 'debug_x11': False, 'graphics_vbo': True, 'shadow_window': True, 'vsync': None, 'xsync': True, 'xlib_fullscreen_override_redirect': False, 'darwin_cocoa': True, 'search_local_libs': True, 'advanced_font_features': False, 'headless': False, 'headless_device': 0, 'win32_disable_shaping': False}
Traceback (most recent call last):
  File "/data/class/cs175/nguyeh3/.conda/envs/duckietown/lib/python3.8/site-packages/stable_baselines3/common/vec_env/patch_gym.py", line 40, in _patch_env
    import shimmy
ModuleNotFoundError: No module named 'shimmy'

The above exception was the direct cause of the following exception:

Traceback (most recent call last):
  File "ducky_project.py", line 58, in <module>
    env = make_vec_env(lambda: make_env(), n_envs=8) # increased n_envs cux of low frame rate
  File "/data/class/cs175/nguyeh3/.conda/envs/duckietown/lib/python3.8/site-packages/stable_baselines3/common/env_util.py", line 125, in make_vec_env
    vec_env = vec_env_cls([make_env(i + start_index) for i in range(n_envs)], **vec_env_kwargs)
  File "/data/class/cs175/nguyeh3/.conda/envs/duckietown/lib/python3.8/site-packages/stable_baselines3/common/vec_env/dummy_vec_env.py", line 30, in __init__
    self.envs = [_patch_env(fn()) for fn in env_fns]
  File "/data/class/cs175/nguyeh3/.conda/envs/duckietown/lib/python3.8/site-packages/stable_baselines3/common/vec_env/dummy_vec_env.py", line 30, in <listcomp>
    self.envs = [_patch_env(fn()) for fn in env_fns]
  File "/data/class/cs175/nguyeh3/.conda/envs/duckietown/lib/python3.8/site-packages/stable_baselines3/common/env_util.py", line 100, in _init
    env = _patch_env(env)
  File "/data/class/cs175/nguyeh3/.conda/envs/duckietown/lib/python3.8/site-packages/stable_baselines3/common/vec_env/patch_gym.py", line 42, in _patch_env
    raise ImportError(
ImportError: Missing shimmy installation. You provided an OpenAI Gym environment. Stable-Baselines3 (SB3) has transitioned to using Gymnasium internally. In order to use OpenAI Gym environments with SB3, you need to install shimmy (`pip install 'shimmy>=2.0'`).
